<?xml version="1.0" encoding="UTF-8"?>
<testng-results ignored="0" total="4" passed="4" failed="0" skipped="0">
  <reporter-output>
  </reporter-output>
  <suite started-at="2023-08-07T17:02:48 IST" name="Suite" finished-at="2023-08-07T17:03:22 IST" duration-ms="33831">
    <groups>
    </groups>
    <test started-at="2023-08-07T17:02:48 IST" name="Test" finished-at="2023-08-07T17:03:05 IST" duration-ms="17468">
      <class name="pack1.NewTest">
        <test-method signature="a()[pri:0, instance:pack1.NewTest@1f0f1111]" started-at="2023-08-07T17:02:48 IST" name="a" finished-at="2023-08-07T17:03:01 IST" duration-ms="12841" status="PASS">
          <reporter-output>
          </reporter-output>
        </test-method> <!-- a -->
        <test-method signature="b()[pri:0, instance:pack1.NewTest@1f0f1111]" started-at="2023-08-07T17:03:01 IST" name="b" finished-at="2023-08-07T17:03:05 IST" duration-ms="4594" status="PASS">
          <reporter-output>
          </reporter-output>
        </test-method> <!-- b -->
      </class> <!-- pack1.NewTest -->
    </test> <!-- Test -->
    <test started-at="2023-08-07T17:02:48 IST" name="Test1" finished-at="2023-08-07T17:03:22 IST" duration-ms="33831">
      <class name="pack1.NewTest">
        <test-method signature="a()[pri:0, instance:pack1.NewTest@6a400542]" started-at="2023-08-07T17:02:48 IST" name="a" finished-at="2023-08-07T17:03:17 IST" duration-ms="29150" status="PASS">
          <reporter-output>
          </reporter-output>
        </test-method> <!-- a -->
        <test-method signature="b()[pri:0, instance:pack1.NewTest@6a400542]" started-at="2023-08-07T17:03:17 IST" name="b" finished-at="2023-08-07T17:03:22 IST" duration-ms="4618" status="PASS">
          <reporter-output>
          </reporter-output>
        </test-method> <!-- b -->
      </class> <!-- pack1.NewTest -->
    </test> <!-- Test1 -->
  </suite> <!-- Suite -->
</testng-results>
